2014-09-17 22:21:36,059 INFO  [org.eclim.eclipse.EclimDaemon] Workspace: /home/face/Public/eclipse/workspace
2014-09-17 22:21:36,063 INFO  [org.eclim.eclipse.EclimDaemon] Home: /home/face/Public/eclipse/plugins/org.eclim_2.3.4/
2014-09-17 22:21:36,064 INFO  [org.eclim.eclipse.EclimDaemon] Starting eclim...
2014-09-17 22:21:36,071 INFO  [org.eclim.eclipse.EclimDaemon] Loading plugin org.eclim
2014-09-17 22:21:36,074 INFO  [org.eclim.eclipse.EclimDaemon] Loading plugin org.eclim.core
2014-09-17 22:21:36,178 INFO  [org.eclim.plugin.core.CorePlugin] Loading eclim plugins...
2014-09-17 22:21:36,183 INFO  [org.eclim.plugin.core.CorePlugin] Loading plugin org.eclim.sdt210
2014-09-17 22:21:36,185 INFO  [org.eclim.plugin.core.CorePlugin] Loading plugin org.eclim.jdt
2014-09-17 22:21:36,190 INFO  [org.eclim.plugin.core.CorePlugin] Plugins loaded.
2014-09-17 22:21:36,190 INFO  [org.eclim.eclipse.EclimDaemon] Loaded plugin org.eclim.core
2014-09-17 22:21:36,194 INFO  [org.eclim.eclipse.EclimDaemon] Waiting on running jobs before starting eclimd...
2014-09-17 22:21:41,789 INFO  [org.eclim.eclipse.EclimDaemon] Jobs finished.
2014-09-17 22:21:41,789 INFO  [org.eclim.eclipse.EclimDaemon] Eclim Server Started on: 127.0.0.1:9091
2014-09-18 01:03:48,114 INFO  [org.eclim.eclipse.EclimDaemon] Shutting down eclim...
2014-09-18 01:03:48,329 INFO  [org.eclim.eclipse.EclimDaemon] Stopping plugin org.eclim.core
2014-09-18 01:03:48,376 INFO  [org.eclim.plugin.core.CorePlugin] Stopping plugin org.eclim.sdt210
2014-09-18 01:03:48,394 INFO  [org.eclim.plugin.core.CorePlugin] Stopping plugin org.eclim.jdt
2014-09-18 01:03:48,395 INFO  [org.eclim.eclipse.EclimDaemon] Eclim stopped.
2014-09-18 20:07:05,183 INFO  [org.eclim.eclipse.EclimDaemon] Workspace: /home/face/Public/eclipse/workspace
2014-09-18 20:07:05,185 INFO  [org.eclim.eclipse.EclimDaemon] Home: /home/face/Public/eclipse/plugins/org.eclim_2.3.4/
2014-09-18 20:07:05,185 INFO  [org.eclim.eclipse.EclimDaemon] Starting eclim...
2014-09-18 20:07:05,191 INFO  [org.eclim.eclipse.EclimDaemon] Loading plugin org.eclim
2014-09-18 20:07:05,193 INFO  [org.eclim.eclipse.EclimDaemon] Loading plugin org.eclim.core
2014-09-18 20:07:05,871 INFO  [org.eclim.plugin.core.CorePlugin] Loading eclim plugins...
2014-09-18 20:07:05,882 INFO  [org.eclim.plugin.core.CorePlugin] Loading plugin org.eclim.sdt210
2014-09-18 20:07:05,883 INFO  [org.eclim.plugin.core.CorePlugin] Loading plugin org.eclim.jdt
2014-09-18 20:07:05,885 INFO  [org.eclim.plugin.core.CorePlugin] Plugins loaded.
2014-09-18 20:07:05,885 INFO  [org.eclim.eclipse.EclimDaemon] Loaded plugin org.eclim.core
2014-09-18 20:07:05,886 INFO  [org.eclim.eclipse.EclimDaemon] Waiting on running jobs before starting eclimd...
2014-09-18 20:07:07,888 INFO  [org.eclim.eclipse.EclimDaemon] Jobs finished.
2014-09-18 20:07:07,889 INFO  [org.eclim.eclipse.EclimDaemon] Eclim Server Started on: 127.0.0.1:9091
2014-09-19 21:55:35,950 INFO  [org.eclim.eclipse.EclimDaemon] Shutting down eclim...
2014-09-19 21:55:36,003 INFO  [org.eclim.eclipse.EclimDaemon] Stopping plugin org.eclim.core
2014-09-19 21:55:36,006 INFO  [org.eclim.plugin.core.CorePlugin] Stopping plugin org.eclim.sdt210
2014-09-19 21:55:36,007 INFO  [org.eclim.plugin.core.CorePlugin] Stopping plugin org.eclim.jdt
2014-09-19 21:55:36,008 INFO  [org.eclim.eclipse.EclimDaemon] Eclim stopped.
2014-10-03 19:16:25,687 INFO  [org.eclim.eclipse.EclimDaemon] Workspace: /home/face/Public/eclipse/workspace
2014-10-03 19:16:25,896 INFO  [org.eclim.eclipse.EclimDaemon] Home: /home/face/Public/eclipse/plugins/org.eclim_2.3.4/
2014-10-03 19:16:25,896 INFO  [org.eclim.eclipse.EclimDaemon] Starting eclim...
2014-10-03 19:16:25,903 INFO  [org.eclim.eclipse.EclimDaemon] Loading plugin org.eclim
2014-10-03 19:16:25,906 INFO  [org.eclim.eclipse.EclimDaemon] Loading plugin org.eclim.core
2014-10-03 19:16:26,162 INFO  [org.eclim.plugin.core.CorePlugin] Loading eclim plugins...
2014-10-03 19:16:26,177 INFO  [org.eclim.plugin.core.CorePlugin] Loading plugin org.eclim.sdt210
2014-10-03 19:16:26,179 INFO  [org.eclim.plugin.core.CorePlugin] Loading plugin org.eclim.jdt
2014-10-03 19:16:26,182 INFO  [org.eclim.plugin.core.CorePlugin] Plugins loaded.
2014-10-03 19:16:26,182 INFO  [org.eclim.eclipse.EclimDaemon] Loaded plugin org.eclim.core
2014-10-03 19:16:26,182 INFO  [org.eclim.eclipse.EclimDaemon] Waiting on running jobs before starting eclimd...
2014-10-03 19:16:45,527 INFO  [org.eclim.eclipse.EclimDaemon] Jobs finished.
2014-10-03 19:16:45,540 INFO  [org.eclim.eclipse.EclimDaemon] Eclim Server Started on: 127.0.0.1:9091
2014-10-03 19:40:21,741 INFO  [org.eclim.eclipse.EclimDaemon] Shutting down eclim...
2014-10-03 19:40:21,836 INFO  [org.eclim.eclipse.EclimDaemon] Stopping plugin org.eclim.core
2014-10-03 19:40:21,899 INFO  [org.eclim.plugin.core.CorePlugin] Stopping plugin org.eclim.sdt210
2014-10-03 19:40:21,905 INFO  [org.eclim.plugin.core.CorePlugin] Stopping plugin org.eclim.jdt
2014-10-03 19:40:21,906 INFO  [org.eclim.eclipse.EclimDaemon] Eclim stopped.
2014-10-03 19:42:38,963 INFO  [org.eclim.eclipse.EclimDaemon] Workspace: /home/face/Public/eclipse/workspace
2014-10-03 19:42:38,965 INFO  [org.eclim.eclipse.EclimDaemon] Home: /home/face/Public/eclipse/plugins/org.eclim_2.3.4/
2014-10-03 19:42:38,965 INFO  [org.eclim.eclipse.EclimDaemon] Starting eclim...
2014-10-03 19:42:38,983 INFO  [org.eclim.eclipse.EclimDaemon] Loading plugin org.eclim
2014-10-03 19:42:38,986 INFO  [org.eclim.eclipse.EclimDaemon] Loading plugin org.eclim.core
2014-10-03 19:42:39,174 INFO  [org.eclim.plugin.core.CorePlugin] Loading eclim plugins...
2014-10-03 19:42:39,177 INFO  [org.eclim.plugin.core.CorePlugin] Loading plugin org.eclim.sdt210
2014-10-03 19:42:39,181 INFO  [org.eclim.plugin.core.CorePlugin] Loading plugin org.eclim.jdt
2014-10-03 19:42:39,183 INFO  [org.eclim.plugin.core.CorePlugin] Plugins loaded.
2014-10-03 19:42:39,183 INFO  [org.eclim.eclipse.EclimDaemon] Loaded plugin org.eclim.core
2014-10-03 19:42:39,183 INFO  [org.eclim.eclipse.EclimDaemon] Waiting on running jobs before starting eclimd...
2014-10-03 19:42:44,184 INFO  [org.eclim.eclipse.EclimDaemon] Jobs finished.
2014-10-03 19:42:44,185 INFO  [org.eclim.eclipse.EclimDaemon] Eclim Server Started on: 127.0.0.1:9091
2014-10-03 20:08:57,448 INFO  [org.eclim.eclipse.EclimDaemon] Shutting down eclim...
2014-10-03 20:08:57,529 INFO  [org.eclim.eclipse.EclimDaemon] Stopping plugin org.eclim.core
2014-10-03 20:08:57,530 INFO  [org.eclim.plugin.core.CorePlugin] Stopping plugin org.eclim.sdt210
2014-10-03 20:08:57,546 INFO  [org.eclim.plugin.core.CorePlugin] Stopping plugin org.eclim.jdt
2014-10-03 20:08:57,546 INFO  [org.eclim.eclipse.EclimDaemon] Eclim stopped.
2014-10-03 20:12:29,849 INFO  [org.eclim.eclipse.EclimDaemon] Workspace: /home/face/Public/eclipse/workspace
2014-10-03 20:12:29,853 INFO  [org.eclim.eclipse.EclimDaemon] Home: /home/face/Public/eclipse/plugins/org.eclim_2.3.4/
2014-10-03 20:12:29,854 INFO  [org.eclim.eclipse.EclimDaemon] Starting eclim...
2014-10-03 20:12:29,866 INFO  [org.eclim.eclipse.EclimDaemon] Loading plugin org.eclim
2014-10-03 20:12:29,869 INFO  [org.eclim.eclipse.EclimDaemon] Loading plugin org.eclim.core
2014-10-03 20:12:30,071 INFO  [org.eclim.plugin.core.CorePlugin] Loading eclim plugins...
2014-10-03 20:12:30,076 INFO  [org.eclim.plugin.core.CorePlugin] Loading plugin org.eclim.sdt210
2014-10-03 20:12:30,094 INFO  [org.eclim.plugin.core.CorePlugin] Loading plugin org.eclim.jdt
2014-10-03 20:12:30,095 INFO  [org.eclim.plugin.core.CorePlugin] Plugins loaded.
2014-10-03 20:12:30,095 INFO  [org.eclim.eclipse.EclimDaemon] Loaded plugin org.eclim.core
2014-10-03 20:12:30,095 INFO  [org.eclim.eclipse.EclimDaemon] Waiting on running jobs before starting eclimd...
2014-10-03 20:12:39,690 INFO  [org.eclim.eclipse.EclimDaemon] Jobs finished.
2014-10-03 20:12:39,690 INFO  [org.eclim.eclipse.EclimDaemon] Eclim Server Started on: 127.0.0.1:9091
2014-10-03 20:25:51,187 INFO  [org.eclim.eclipse.EclimDaemon] Shutting down eclim...
2014-10-03 20:25:51,284 INFO  [org.eclim.eclipse.EclimDaemon] Stopping plugin org.eclim.core
2014-10-03 20:25:51,286 INFO  [org.eclim.plugin.core.CorePlugin] Stopping plugin org.eclim.sdt210
2014-10-03 20:25:51,287 INFO  [org.eclim.plugin.core.CorePlugin] Stopping plugin org.eclim.jdt
2014-10-03 20:25:51,287 INFO  [org.eclim.eclipse.EclimDaemon] Eclim stopped.
2014-10-03 20:28:31,348 INFO  [org.eclim.eclipse.EclimDaemon] Workspace: /home/face/Public/eclipse/workspace
2014-10-03 20:28:31,358 INFO  [org.eclim.eclipse.EclimDaemon] Home: /home/face/Public/eclipse/plugins/org.eclim_2.3.4/
2014-10-03 20:28:31,358 INFO  [org.eclim.eclipse.EclimDaemon] Starting eclim...
2014-10-03 20:28:31,383 INFO  [org.eclim.eclipse.EclimDaemon] Loading plugin org.eclim
2014-10-03 20:28:31,396 INFO  [org.eclim.eclipse.EclimDaemon] Loading plugin org.eclim.core
2014-10-03 20:28:31,647 INFO  [org.eclim.plugin.core.CorePlugin] Loading eclim plugins...
2014-10-03 20:28:31,650 INFO  [org.eclim.plugin.core.CorePlugin] Loading plugin org.eclim.sdt210
2014-10-03 20:28:31,654 INFO  [org.eclim.plugin.core.CorePlugin] Loading plugin org.eclim.jdt
2014-10-03 20:28:31,655 INFO  [org.eclim.plugin.core.CorePlugin] Plugins loaded.
2014-10-03 20:28:31,657 INFO  [org.eclim.eclipse.EclimDaemon] Loaded plugin org.eclim.core
2014-10-03 20:28:31,659 INFO  [org.eclim.eclipse.EclimDaemon] Waiting on running jobs before starting eclimd...
2014-10-03 20:28:50,172 INFO  [org.eclim.eclipse.EclimDaemon] Jobs finished.
2014-10-03 20:28:50,173 INFO  [org.eclim.eclipse.EclimDaemon] Eclim Server Started on: 127.0.0.1:9091
2014-10-03 20:40:07,262 INFO  [org.eclim.eclipse.EclimDaemon] Shutting down eclim...
2014-10-03 20:40:07,351 INFO  [org.eclim.eclipse.EclimDaemon] Stopping plugin org.eclim.core
2014-10-03 20:40:07,354 INFO  [org.eclim.plugin.core.CorePlugin] Stopping plugin org.eclim.sdt210
2014-10-03 20:40:07,355 INFO  [org.eclim.plugin.core.CorePlugin] Stopping plugin org.eclim.jdt
2014-10-03 20:40:07,355 INFO  [org.eclim.eclipse.EclimDaemon] Eclim stopped.
2014-10-03 21:34:35,384 INFO  [org.eclim.eclipse.EclimDaemon] Workspace: /home/face/Public/eclipse/workspace
2014-10-03 21:34:35,410 INFO  [org.eclim.eclipse.EclimDaemon] Home: /home/face/Public/eclipse/plugins/org.eclim_2.3.4/
2014-10-03 21:34:35,410 INFO  [org.eclim.eclipse.EclimDaemon] Starting eclim...
2014-10-03 21:34:35,462 INFO  [org.eclim.eclipse.EclimDaemon] Loading plugin org.eclim
2014-10-03 21:34:35,470 INFO  [org.eclim.eclipse.EclimDaemon] Loading plugin org.eclim.core
2014-10-03 21:34:35,604 INFO  [org.eclim.plugin.core.CorePlugin] Loading eclim plugins...
2014-10-03 21:34:35,615 INFO  [org.eclim.plugin.core.CorePlugin] Loading plugin org.eclim.sdt210
2014-10-03 21:34:35,620 INFO  [org.eclim.plugin.core.CorePlugin] Loading plugin org.eclim.jdt
2014-10-03 21:34:35,626 INFO  [org.eclim.plugin.core.CorePlugin] Plugins loaded.
2014-10-03 21:34:35,626 INFO  [org.eclim.eclipse.EclimDaemon] Loaded plugin org.eclim.core
2014-10-03 21:34:35,626 INFO  [org.eclim.eclipse.EclimDaemon] Eclim Server Started on: 127.0.0.1:9091
2014-10-03 22:27:15,640 INFO  [org.eclim.eclipse.EclimDaemon] Shutting down eclim...
2014-10-03 22:27:15,726 INFO  [org.eclim.eclipse.EclimDaemon] Stopping plugin org.eclim.core
2014-10-03 22:27:15,735 INFO  [org.eclim.plugin.core.CorePlugin] Stopping plugin org.eclim.sdt210
2014-10-03 22:27:15,736 INFO  [org.eclim.plugin.core.CorePlugin] Stopping plugin org.eclim.jdt
2014-10-03 22:27:15,737 INFO  [org.eclim.eclipse.EclimDaemon] Eclim stopped.
2014-10-03 22:31:15,520 INFO  [org.eclim.eclipse.EclimDaemon] Workspace: /home/face/Public/eclipse/workspace
2014-10-03 22:31:15,522 INFO  [org.eclim.eclipse.EclimDaemon] Home: /home/face/Public/eclipse/plugins/org.eclim_2.3.4/
2014-10-03 22:31:15,522 INFO  [org.eclim.eclipse.EclimDaemon] Starting eclim...
2014-10-03 22:31:15,527 INFO  [org.eclim.eclipse.EclimDaemon] Loading plugin org.eclim
2014-10-03 22:31:15,529 INFO  [org.eclim.eclipse.EclimDaemon] Loading plugin org.eclim.core
2014-10-03 22:31:15,615 INFO  [org.eclim.plugin.core.CorePlugin] Loading eclim plugins...
2014-10-03 22:31:15,616 INFO  [org.eclim.plugin.core.CorePlugin] Loading plugin org.eclim.sdt210
2014-10-03 22:31:15,617 INFO  [org.eclim.plugin.core.CorePlugin] Loading plugin org.eclim.jdt
2014-10-03 22:31:15,618 INFO  [org.eclim.plugin.core.CorePlugin] Plugins loaded.
2014-10-03 22:31:15,618 INFO  [org.eclim.eclipse.EclimDaemon] Loaded plugin org.eclim.core
2014-10-03 22:31:15,618 INFO  [org.eclim.eclipse.EclimDaemon] Eclim Server Started on: 127.0.0.1:9091
2014-10-03 22:58:48,073 INFO  [org.eclim.eclipse.EclimDaemon] Shutting down eclim...
2014-10-03 22:58:48,115 INFO  [org.eclim.eclipse.EclimDaemon] Stopping plugin org.eclim.core
2014-10-03 22:58:48,120 INFO  [org.eclim.plugin.core.CorePlugin] Stopping plugin org.eclim.sdt210
2014-10-03 22:58:48,121 INFO  [org.eclim.plugin.core.CorePlugin] Stopping plugin org.eclim.jdt
2014-10-03 22:58:48,121 INFO  [org.eclim.eclipse.EclimDaemon] Eclim stopped.
2014-10-03 23:40:11,448 INFO  [org.eclim.eclipse.EclimDaemon] Workspace: /home/face/Public/eclipse/workspace
2014-10-03 23:40:11,479 INFO  [org.eclim.eclipse.EclimDaemon] Home: /home/face/Public/eclipse/plugins/org.eclim_2.3.4/
2014-10-03 23:40:11,479 INFO  [org.eclim.eclipse.EclimDaemon] Starting eclim...
2014-10-03 23:40:11,488 INFO  [org.eclim.eclipse.EclimDaemon] Loading plugin org.eclim
2014-10-03 23:40:11,491 INFO  [org.eclim.eclipse.EclimDaemon] Loading plugin org.eclim.core
2014-10-03 23:40:11,637 INFO  [org.eclim.plugin.core.CorePlugin] Loading eclim plugins...
2014-10-03 23:40:11,644 INFO  [org.eclim.plugin.core.CorePlugin] Loading plugin org.eclim.sdt210
2014-10-03 23:40:11,673 INFO  [org.eclim.plugin.core.CorePlugin] Loading plugin org.eclim.jdt
2014-10-03 23:40:11,675 INFO  [org.eclim.plugin.core.CorePlugin] Plugins loaded.
2014-10-03 23:40:11,675 INFO  [org.eclim.eclipse.EclimDaemon] Loaded plugin org.eclim.core
2014-10-03 23:40:11,676 INFO  [org.eclim.eclipse.EclimDaemon] Eclim Server Started on: 127.0.0.1:9091
2014-10-03 23:48:30,494 INFO  [org.eclim.eclipse.EclimDaemon] Shutting down eclim...
2014-10-03 23:48:30,899 INFO  [org.eclim.eclipse.EclimDaemon] Stopping plugin org.eclim.core
2014-10-03 23:48:30,925 INFO  [org.eclim.plugin.core.CorePlugin] Stopping plugin org.eclim.sdt210
2014-10-03 23:48:30,926 INFO  [org.eclim.plugin.core.CorePlugin] Stopping plugin org.eclim.jdt
2014-10-03 23:48:30,926 INFO  [org.eclim.eclipse.EclimDaemon] Eclim stopped.
2014-10-03 23:49:00,523 INFO  [org.eclim.eclipse.EclimDaemon] Workspace: /home/face/Public/eclipse/workspace
2014-10-03 23:49:00,531 INFO  [org.eclim.eclipse.EclimDaemon] Home: /home/face/Public/eclipse/plugins/org.eclim_2.3.4/
2014-10-03 23:49:00,531 INFO  [org.eclim.eclipse.EclimDaemon] Starting eclim...
2014-10-03 23:49:00,537 INFO  [org.eclim.eclipse.EclimDaemon] Loading plugin org.eclim
2014-10-03 23:49:00,540 INFO  [org.eclim.eclipse.EclimDaemon] Loading plugin org.eclim.core
2014-10-03 23:49:00,692 INFO  [org.eclim.plugin.core.CorePlugin] Loading eclim plugins...
2014-10-03 23:49:00,702 INFO  [org.eclim.plugin.core.CorePlugin] Loading plugin org.eclim.sdt210
2014-10-03 23:49:00,704 INFO  [org.eclim.plugin.core.CorePlugin] Loading plugin org.eclim.jdt
2014-10-03 23:49:00,706 INFO  [org.eclim.plugin.core.CorePlugin] Plugins loaded.
2014-10-03 23:49:00,708 INFO  [org.eclim.eclipse.EclimDaemon] Loaded plugin org.eclim.core
2014-10-03 23:49:00,708 INFO  [org.eclim.eclipse.EclimDaemon] Waiting on running jobs before starting eclimd...
2014-10-03 23:49:20,979 INFO  [org.eclim.eclipse.EclimDaemon] Jobs finished.
2014-10-03 23:49:20,980 INFO  [org.eclim.eclipse.EclimDaemon] Eclim Server Started on: 127.0.0.1:9091
2014-10-04 01:08:20,164 INFO  [org.eclim.eclipse.EclimDaemon] Shutting down eclim...
2014-10-04 01:08:20,174 INFO  [org.eclim.eclipse.EclimDaemon] Stopping plugin org.eclim.core
2014-10-04 01:08:20,175 INFO  [org.eclim.plugin.core.CorePlugin] Stopping plugin org.eclim.sdt210
2014-10-04 01:08:20,176 INFO  [org.eclim.plugin.core.CorePlugin] Stopping plugin org.eclim.jdt
2014-10-04 01:08:20,176 INFO  [org.eclim.eclipse.EclimDaemon] Eclim stopped.
2014-10-04 01:08:45,042 INFO  [org.eclim.eclipse.EclimDaemon] Workspace: /home/face/Public/eclipse/workspace
2014-10-04 01:08:45,045 INFO  [org.eclim.eclipse.EclimDaemon] Home: /home/face/Public/eclipse/plugins/org.eclim_2.3.4/
2014-10-04 01:08:45,045 INFO  [org.eclim.eclipse.EclimDaemon] Starting eclim...
2014-10-04 01:08:45,053 INFO  [org.eclim.eclipse.EclimDaemon] Loading plugin org.eclim
2014-10-04 01:08:45,056 INFO  [org.eclim.eclipse.EclimDaemon] Loading plugin org.eclim.core
2014-10-04 01:08:45,164 INFO  [org.eclim.plugin.core.CorePlugin] Loading eclim plugins...
2014-10-04 01:08:45,174 INFO  [org.eclim.plugin.core.CorePlugin] Loading plugin org.eclim.sdt210
2014-10-04 01:08:45,177 INFO  [org.eclim.plugin.core.CorePlugin] Loading plugin org.eclim.jdt
2014-10-04 01:08:45,178 INFO  [org.eclim.plugin.core.CorePlugin] Plugins loaded.
2014-10-04 01:08:45,179 INFO  [org.eclim.eclipse.EclimDaemon] Loaded plugin org.eclim.core
2014-10-04 01:08:45,181 INFO  [org.eclim.eclipse.EclimDaemon] Eclim Server Started on: 127.0.0.1:9091
2014-10-06 21:10:48,984 INFO  [org.eclim.eclipse.EclimDaemon] Shutting down eclim...
2014-10-06 21:10:49,003 INFO  [org.eclim.eclipse.EclimDaemon] Stopping plugin org.eclim.core
2014-10-06 21:10:49,059 INFO  [org.eclim.plugin.core.CorePlugin] Stopping plugin org.eclim.sdt210
2014-10-06 21:10:49,060 INFO  [org.eclim.plugin.core.CorePlugin] Stopping plugin org.eclim.jdt
2014-10-06 21:10:49,060 INFO  [org.eclim.eclipse.EclimDaemon] Eclim stopped.
2014-10-06 21:21:38,294 INFO  [org.eclim.eclipse.EclimDaemon] Workspace: /home/face/Public/eclipse/workspace
2014-10-06 21:21:38,296 INFO  [org.eclim.eclipse.EclimDaemon] Home: /home/face/Public/eclipse/plugins/org.eclim_2.3.4/
2014-10-06 21:21:38,296 INFO  [org.eclim.eclipse.EclimDaemon] Starting eclim...
2014-10-06 21:21:38,306 INFO  [org.eclim.eclipse.EclimDaemon] Loading plugin org.eclim
2014-10-06 21:21:38,309 INFO  [org.eclim.eclipse.EclimDaemon] Loading plugin org.eclim.core
2014-10-06 21:21:38,438 INFO  [org.eclim.plugin.core.CorePlugin] Loading eclim plugins...
2014-10-06 21:21:38,441 INFO  [org.eclim.plugin.core.CorePlugin] Loading plugin org.eclim.sdt210
2014-10-06 21:21:38,443 INFO  [org.eclim.plugin.core.CorePlugin] Loading plugin org.eclim.jdt
2014-10-06 21:21:38,445 INFO  [org.eclim.plugin.core.CorePlugin] Plugins loaded.
2014-10-06 21:21:38,445 INFO  [org.eclim.eclipse.EclimDaemon] Loaded plugin org.eclim.core
2014-10-06 21:21:38,446 INFO  [org.eclim.eclipse.EclimDaemon] Eclim Server Started on: 127.0.0.1:9091
